\BOOKMARK [0][-]{figure.caption.1}{\376\377\000D\000A\000F\000T\000A\000R\000\040\000G\000A\000M\000B\000A\000R}{}% 1
\BOOKMARK [0][-]{figure.caption.1}{\376\377\000D\000A\000F\000T\000A\000R\000\040\000T\000A\000B\000E\000L}{}% 2
\BOOKMARK [0][-]{chapter*.2}{\376\377\000=\000D\000A\000F\000T\000A\000R\000\040\000K\000O\000D\000E}{}% 3
\BOOKMARK [0][-]{chapter*.2}{\376\377\000D\000A\000F\000T\000A\000R\000\040\000I\000S\000T\000I\000L\000A\000H}{}% 4
\BOOKMARK [0][-]{chapter.1}{\376\377\000P\000E\000N\000D\000A\000H\000U\000L\000U\000A\000N}{}% 5
\BOOKMARK [1][-]{section.1.1}{\376\377\000L\000a\000t\000a\000r\000\040\000B\000e\000l\000a\000k\000a\000n\000g}{chapter.1}% 6
\BOOKMARK [1][-]{section.1.2}{\376\377\000R\000u\000m\000u\000s\000a\000n\000\040\000M\000a\000s\000a\000l\000a\000h}{chapter.1}% 7
\BOOKMARK [1][-]{section.1.3}{\376\377\000T\000u\000j\000u\000a\000n\000\040\000P\000e\000n\000e\000l\000i\000t\000i\000a\000n}{chapter.1}% 8
\BOOKMARK [1][-]{section.1.4}{\376\377\000B\000a\000t\000a\000s\000a\000n\000\040\000M\000a\000s\000a\000l\000a\000h}{chapter.1}% 9
\BOOKMARK [1][-]{section.1.5}{\376\377\000M\000e\000t\000o\000d\000o\000l\000o\000g\000i\000\040\000P\000e\000n\000e\000l\000i\000t\000i\000a\000n}{chapter.1}% 10
\BOOKMARK [0][-]{chapter.2}{\376\377\000S\000T\000U\000D\000I\000\040\000L\000I\000T\000E\000R\000A\000T\000U\000R}{}% 11
\BOOKMARK [1][-]{section.2.1}{\376\377\000L\000a\000r\000g\000e\000\040\000L\000a\000n\000g\000u\000a\000g\000e\000\040\000M\000o\000d\000e\000l\000s}{chapter.2}% 12
\BOOKMARK [2][-]{subsection.2.1.1}{\376\377\000A\000u\000t\000o\000r\000e\000g\000r\000e\000s\000s\000i\000v\000e\000\040\000L\000a\000n\000g\000u\000a\000g\000e\000\040\000M\000o\000d\000e\000l\000i\000n\000g}{section.2.1}% 13
\BOOKMARK [3][-]{subsubsection.2.1.1.1}{\376\377\000F\000o\000r\000m\000u\000l\000a\000s\000i\000\040\000P\000r\000o\000b\000a\000b\000i\000l\000i\000s\000t\000i\000k\000\040\000d\000a\000n\000\040\000N\000e\000x\000t\000-\000T\000o\000k\000e\000n\000\040\000P\000r\000e\000d\000i\000c\000t\000i\000o\000n}{subsection.2.1.1}% 14
\BOOKMARK [3][-]{subsubsection.2.1.1.2}{\376\377\000C\000r\000o\000s\000s\000-\000E\000n\000t\000r\000o\000p\000y\000\040\000L\000o\000s\000s\000\040\000d\000a\000n\000\040\000I\000m\000p\000l\000i\000k\000a\000s\000i\000\040\000P\000e\000l\000a\000t\000i\000h\000a\000n}{subsection.2.1.1}% 15
\BOOKMARK [2][-]{subsection.2.1.2}{\376\377\000A\000r\000s\000i\000t\000e\000k\000t\000u\000r\000\040\000T\000r\000a\000n\000s\000f\000o\000r\000m\000e\000r}{section.2.1}% 16
\BOOKMARK [3][-]{subsubsection.2.1.2.1}{\376\377\000M\000e\000k\000a\000n\000i\000s\000m\000e\000\040\000S\000e\000l\000f\000-\000A\000t\000t\000e\000n\000t\000i\000o\000n}{subsection.2.1.2}% 17
\BOOKMARK [3][-]{subsubsection.2.1.2.2}{\376\377\000M\000u\000l\000t\000i\000-\000H\000e\000a\000d\000\040\000A\000t\000t\000e\000n\000t\000i\000o\000n\000\040\000d\000a\000n\000\040\000L\000a\000y\000e\000r\000-\000W\000i\000s\000e\000\040\000R\000e\000p\000r\000e\000s\000e\000n\000t\000a\000t\000i\000o\000n\000s}{subsection.2.1.2}% 18
\BOOKMARK [3][-]{subsubsection.2.1.2.3}{\376\377\000P\000o\000s\000i\000t\000i\000o\000n\000a\000l\000\040\000E\000n\000c\000o\000d\000i\000n\000g\000\040\000d\000a\000n\000\040\000B\000i\000a\000s\000\040\000S\000t\000r\000u\000k\000t\000u\000r\000a\000l}{subsection.2.1.2}% 19
\BOOKMARK [3][-]{subsubsection.2.1.2.4}{\376\377\000F\000e\000e\000d\000-\000F\000o\000r\000w\000a\000r\000d\000\040\000N\000e\000t\000w\000o\000r\000k\000s\000,\000\040\000R\000e\000s\000i\000d\000u\000a\000l\000\040\000C\000o\000n\000n\000e\000c\000t\000i\000o\000n\000,\000\040\000d\000a\000n\000\040\000L\000a\000y\000e\000r\000\040\000N\000o\000r\000m\000a\000l\000i\000z\000a\000t\000i\000o\000n}{subsection.2.1.2}% 20
\BOOKMARK [2][-]{subsection.2.1.3}{\376\377\000P\000e\000l\000a\000t\000i\000h\000a\000n\000\040\000d\000a\000n\000\040\000I\000n\000f\000e\000r\000e\000n\000s\000i}{section.2.1}% 21
\BOOKMARK [3][-]{subsubsection.2.1.3.1}{\376\377\000T\000e\000a\000c\000h\000e\000r\000\040\000F\000o\000r\000c\